<?xml version="1.0" encoding="UTF-8"?>
<!-- Generated by org.testng.reporters.JUnitReportReporter -->
<testsuite hostname="DESKTOP-GBMU59R" failures="0" tests="2" name="test.HomePageTest" time="11.797" errors="0" timestamp="2024-06-03T22:45:30 IST" skipped="0">
  <testcase classname="test.HomePageTest" name="verifyHomePageTitle" time="6.548"/>
  <testcase classname="test.HomePageTest" name="verifyCommunityPollSelection" time="5.249"/>
</testsuite> <!-- test.HomePageTest -->
