<?xml version="1.0" encoding="UTF-8"?>
<!-- Generated by org.testng.reporters.JUnitReportReporter -->
<testsuite hostname="DESKTOP-GBMU59R" failures="0" tests="2" name="test.RegistrationPageTest" time="21.528" errors="0" timestamp="2024-06-03T22:45:30 IST" skipped="0">
  <testcase classname="test.RegistrationPageTest" name="verifyUserRegistration" time="11.480"/>
  <testcase classname="test.RegistrationPageTest" name="verifyRegisterPageTitle" time="10.048"/>
</testsuite> <!-- test.RegistrationPageTest -->
