<?xml version="1.0" encoding="UTF-8"?>
<!-- Generated by org.testng.reporters.JUnitReportReporter -->
<testsuite hostname="DESKTOP-GBMU59R" failures="0" tests="1" name="test.LoginPageTest" time="6.506" errors="0" timestamp="2024-05-27T21:36:06 IST" skipped="0">
  <testcase classname="test.LoginPageTest" name="verifyUserLoginWithInvalidCredentials" time="6.506"/>
</testsuite> <!-- test.LoginPageTest -->
