<?xml version="1.0" encoding="UTF-8"?>
<!-- Generated by org.testng.reporters.JUnitReportReporter -->
<testsuite hostname="DESKTOP-GBMU59R" failures="0" tests="1" name="test.HomePageTest" time="6.957" errors="0" timestamp="2024-05-28T20:38:33 IST" skipped="0">
  <testcase classname="test.HomePageTest" name="verifyCommunityPollSelection" time="6.957"/>
</testsuite> <!-- test.HomePageTest -->
