<?xml version="1.0" encoding="UTF-8"?>
<!-- Generated by org.testng.reporters.JUnitReportReporter -->
<testsuite hostname="DESKTOP-GBMU59R" failures="0" tests="1" name="test.RegistrationPageTest" time="12.668" errors="0" timestamp="2024-05-29T19:39:31 IST" skipped="0">
  <testcase classname="test.RegistrationPageTest" name="verifyUserRegistration" time="12.668"/>
</testsuite> <!-- test.RegistrationPageTest -->
