<?xml version="1.0" encoding="UTF-8"?>
<!-- Generated by org.testng.reporters.JUnitReportReporter -->
<testsuite hostname="DESKTOP-GBMU59R" failures="0" tests="1" name="test.LoginPageTest" time="9.783" errors="0" timestamp="2024-05-30T20:40:29 IST" skipped="0">
  <testcase classname="test.LoginPageTest" name="verifyUserLogin" time="9.783"/>
</testsuite> <!-- test.LoginPageTest -->
