<?xml version="1.0" encoding="UTF-8"?>
<!-- Generated by org.testng.reporters.JUnitReportReporter -->
<testsuite hostname="DESKTOP-GBMU59R" failures="0" tests="3" name="seleniumbasiccommands.SeleniumCommands" time="24.054" errors="0" timestamp="2024-05-03T23:26:35 IST" skipped="0">
  <testcase classname="seleniumbasiccommands.SeleniumCommands" name="assignmentDropDown" time="5.770"/>
  <testcase classname="seleniumbasiccommands.SeleniumCommands" name="verifyrRegistrationMercuryTours" time="10.296"/>
  <testcase classname="seleniumbasiccommands.SeleniumCommands" name="verifyDemowebshopRegistration" time="7.988"/>
</testsuite> <!-- seleniumbasiccommands.SeleniumCommands -->
