<?xml version="1.0" encoding="UTF-8"?>
<!-- Generated by org.testng.reporters.JUnitReportReporter -->
<testsuite hostname="DESKTOP-GBMU59R" failures="0" tests="6" name="test.LoginPageTest" time="39.162" errors="0" timestamp="2024-06-03T22:45:30 IST" skipped="0">
  <testcase classname="test.LoginPageTest" name="verifyLoginPageTitle" time="5.714"/>
  <testcase classname="test.LoginPageTest" name="verifyUserLogin" time="8.194"/>
  <testcase classname="test.LoginPageTest" name="verifyUserLoginInvalidCredentials" time="6.348"/>
  <testcase classname="test.LoginPageTest" name="verifyUserLoginInvalidCredentials" time="6.364"/>
  <testcase classname="test.LoginPageTest" name="verifyUserLoginInvalidCredentials" time="6.321"/>
  <testcase classname="test.LoginPageTest" name="verifyUserLoginWithInvalidCredentials" time="6.221"/>
</testsuite> <!-- test.LoginPageTest -->
