<?xml version="1.0" encoding="UTF-8"?>
<!-- Generated by org.testng.reporters.JUnitReportReporter -->
<testsuite hostname="DESKTOP-GBMU59R" failures="0" tests="1" name="test.HomePageTest" time="5.937" errors="0" timestamp="2024-05-27T20:51:00 IST" skipped="0">
  <testcase classname="test.HomePageTest" name="verifyCommunityPollSelection" time="5.937"/>
</testsuite> <!-- test.HomePageTest -->
