<?xml version="1.0" encoding="UTF-8"?>
<!-- Generated by org.testng.reporters.JUnitReportReporter -->
<testsuite hostname="DESKTOP-GBMU59R" failures="0" tests="1" name="test.RegistrationPageTest" time="7.674" errors="0" timestamp="2024-05-24T23:27:25 IST" skipped="0">
  <testcase classname="test.RegistrationPageTest" name="verifyRegisterPageTitle" time="7.674"/>
</testsuite> <!-- test.RegistrationPageTest -->
