<?xml version="1.0" encoding="UTF-8"?>
<!-- Generated by org.testng.reporters.JUnitReportReporter -->
<testsuite hostname="DESKTOP-GBMU59R" failures="0" tests="3" name="test.LoginPageTest" time="28.529" errors="0" timestamp="2024-05-28T19:50:28 IST" skipped="0">
  <testcase classname="test.LoginPageTest" name="verifyUserLoginInvalidCredentials" time="12.324"/>
  <testcase classname="test.LoginPageTest" name="verifyUserLoginInvalidCredentials" time="7.409"/>
  <testcase classname="test.LoginPageTest" name="verifyUserLoginInvalidCredentials" time="8.796"/>
</testsuite> <!-- test.LoginPageTest -->
