<?xml version="1.0" encoding="UTF-8"?>
<!-- Generated by org.testng.reporters.JUnitReportReporter -->
<testsuite hostname="DESKTOP-GBMU59R" failures="0" tests="1" name="test.HomePageTest" time="10.030" errors="0" timestamp="2024-05-30T20:40:29 IST" skipped="0">
  <testcase classname="test.HomePageTest" name="verifyHomePageTitle" time="10.030"/>
</testsuite> <!-- test.HomePageTest -->
