<?xml version="1.0" encoding="UTF-8"?>
<!-- Generated by org.testng.reporters.JUnitReportReporter -->
<testsuite hostname="DESKTOP-GBMU59R" failures="0" tests="1" name="test.HomePageTest" time="8.663" errors="0" timestamp="2024-05-24T22:54:53 IST" skipped="0">
  <testcase classname="test.HomePageTest" name="verifyCommunityPollSelection" time="8.663"/>
</testsuite> <!-- test.HomePageTest -->
